<?xml version="1.0" encoding="UTF-8"?>
<testng-results ignored="0" total="1" passed="1" failed="0" skipped="0">
  <reporter-output>
  </reporter-output>
  <suite started-at="2022-12-04T02:57:38 CET" name="Default suite" finished-at="2022-12-04T02:57:56 CET" duration-ms="17350">
    <groups>
    </groups>
    <test started-at="2022-12-04T02:57:38 CET" name="Default test" finished-at="2022-12-04T02:57:56 CET" duration-ms="17350">
      <class name="org.Docker.ParallelSelenium.org.Docker.ParallelSelenium.BaseClass">
        <test-method signature="initDriver()[pri:0, instance:org.Docker.ParallelSelenium.org.Docker.ParallelSelenium.BaseClass@34f5090e]" started-at="2022-12-04T02:57:38 CET" name="initDriver" finished-at="2022-12-04T02:57:56 CET" duration-ms="17317" status="PASS">
          <reporter-output>
          </reporter-output>
        </test-method> <!-- initDriver -->
      </class> <!-- org.Docker.ParallelSelenium.org.Docker.ParallelSelenium.BaseClass -->
    </test> <!-- Default test -->
  </suite> <!-- Default suite -->
</testng-results>
