<?xml version="1.0" encoding="UTF-8"?>
<testng-results ignored="0" total="1" passed="1" failed="0" skipped="0">
  <reporter-output>
  </reporter-output>
  <suite started-at="2022-12-06T01:54:01 CET" name="Suite" finished-at="2022-12-06T01:54:09 CET" duration-ms="7906">
    <groups>
    </groups>
    <test started-at="2022-12-06T01:54:01 CET" name="Test" finished-at="2022-12-06T01:54:09 CET" duration-ms="7906">
      <class name="org.Docker.ParallelSelenium.org.Docker.ParallelSelenium.BaseClass3">
        <test-method signature="initDriver()[pri:0, instance:org.Docker.ParallelSelenium.org.Docker.ParallelSelenium.BaseClass3@503d687a]" started-at="2022-12-06T01:54:01 CET" name="initDriver" finished-at="2022-12-06T01:54:09 CET" duration-ms="7879" status="PASS">
          <reporter-output>
          </reporter-output>
        </test-method> <!-- initDriver -->
      </class> <!-- org.Docker.ParallelSelenium.org.Docker.ParallelSelenium.BaseClass3 -->
    </test> <!-- Test -->
  </suite> <!-- Suite -->
</testng-results>
