<?xml version="1.0" encoding="UTF-8"?>
<testng-results ignored="0" total="2" passed="2" failed="0" skipped="0">
  <reporter-output>
  </reporter-output>
  <suite started-at="2022-12-06T13:09:44 CET" name="Suite" finished-at="2022-12-06T13:09:59 CET" duration-ms="15067">
    <groups>
    </groups>
    <test started-at="2022-12-06T13:09:44 CET" name="Test" finished-at="2022-12-06T13:09:59 CET" duration-ms="15067">
      <class name="org.Docker.ParallelSelenium.org.Docker.ParallelSelenium.BaseClass">
        <test-method signature="initDriver()[pri:0, instance:org.Docker.ParallelSelenium.org.Docker.ParallelSelenium.BaseClass@4cc8eb05]" started-at="2022-12-06T13:09:44 CET" name="initDriver" finished-at="2022-12-06T13:09:59 CET" duration-ms="15021" status="PASS">
          <reporter-output>
          </reporter-output>
        </test-method> <!-- initDriver -->
      </class> <!-- org.Docker.ParallelSelenium.org.Docker.ParallelSelenium.BaseClass -->
    </test> <!-- Test -->
  </suite> <!-- Suite -->
  <suite started-at="2022-12-06T13:09:44 CET" name="Suite (0)" finished-at="2022-12-06T13:09:52 CET" duration-ms="7814">
    <groups>
    </groups>
    <test started-at="2022-12-06T13:09:44 CET" name="Test" finished-at="2022-12-06T13:09:52 CET" duration-ms="7814">
      <class name="org.Docker.ParallelSelenium.org.Docker.ParallelSelenium.BaseClass2">
        <test-method signature="initDriver()[pri:0, instance:org.Docker.ParallelSelenium.org.Docker.ParallelSelenium.BaseClass2@4944252c]" started-at="2022-12-06T13:09:44 CET" name="initDriver" finished-at="2022-12-06T13:09:52 CET" duration-ms="7762" status="PASS">
          <reporter-output>
          </reporter-output>
        </test-method> <!-- initDriver -->
      </class> <!-- org.Docker.ParallelSelenium.org.Docker.ParallelSelenium.BaseClass2 -->
    </test> <!-- Test -->
  </suite> <!-- Suite (0) -->
</testng-results>
