<?xml version="1.0" encoding="UTF-8"?>
<testsuite xmlns:xsi="http://www.w3.org/2001/XMLSchema-instance" xsi:noNamespaceSchemaLocation="https://maven.apache.org/surefire/maven-surefire-plugin/xsd/surefire-test-report-3.0.xsd" version="3.0" name="TestSuite" time="17.17" tests="2" errors="0" skipped="0" failures="0">
  <properties>
[...]
</properties>
  <testcase name="initDriver" classname="org.Docker.ParallelSelenium.org.Docker.ParallelSelenium.BaseClass2" time="7.777">
    <system-err><![CDATA[Dec 06, 2022 1:09:44 PM org.openqa.selenium.remote.tracing.opentelemetry.OpenTelemetryTracer createTracer
INFO: Using OpenTelemetry for tracing
SLF4J: Failed to load class "org.slf4j.impl.StaticLoggerBinder".
SLF4J: Defaulting to no-operation (NOP) logger implementation
SLF4J: See http://www.slf4j.org/codes.html#StaticLoggerBinder for further details.
]]></system-err>
  </testcase>
  <testcase name="initDriver" classname="org.Docker.ParallelSelenium.org.Docker.ParallelSelenium.BaseClass" time="15.02">
    <system-out><![CDATA[C:\Users\Ramesvar\.cache\selenium\chromedriver\win32\108.0.5359.71\chromedriver.exe
]]></system-out>
  </testcase>
</testsuite>